0 info it worked if it ends with ok
1 verbose cli [ '/usr/local/bin/node', '/usr/local/bin/npm', 'publish' ]
2 info using npm@4.1.2
3 info using node@v7.7.4
4 verbose publish [ '.' ]
5 silly cache add args [ '.', null ]
6 verbose cache add spec .
7 silly cache add parsed spec Result {
7 silly cache add   raw: '.',
7 silly cache add   scope: null,
7 silly cache add   escapedName: null,
7 silly cache add   name: null,
7 silly cache add   rawSpec: '.',
7 silly cache add   spec: '/Users/rungsikorn/Repositories/react-pixnode-shuffle-images',
7 silly cache add   type: 'directory' }
8 verbose addLocalDirectory /Users/rungsikorn/.npm/react-pixnode-shuffle-images/1.1.0/package.tgz not in flight; packing
9 verbose correctMkdir /Users/rungsikorn/.npm correctMkdir not in flight; initializing
10 info lifecycle react-pixnode-shuffle-images@1.1.0~prepublish: react-pixnode-shuffle-images@1.1.0
11 silly lifecycle react-pixnode-shuffle-images@1.1.0~prepublish: no script for prepublish, continuing
12 info lifecycle react-pixnode-shuffle-images@1.1.0~prepare: react-pixnode-shuffle-images@1.1.0
13 silly lifecycle react-pixnode-shuffle-images@1.1.0~prepare: no script for prepare, continuing
14 verbose tar pack [ '/Users/rungsikorn/.npm/react-pixnode-shuffle-images/1.1.0/package.tgz',
14 verbose tar pack   '/Users/rungsikorn/Repositories/react-pixnode-shuffle-images' ]
15 verbose tarball /Users/rungsikorn/.npm/react-pixnode-shuffle-images/1.1.0/package.tgz
16 verbose folder /Users/rungsikorn/Repositories/react-pixnode-shuffle-images
17 verbose addLocalTarball adding from inside cache /Users/rungsikorn/.npm/react-pixnode-shuffle-images/1.1.0/package.tgz
18 verbose correctMkdir /Users/rungsikorn/.npm correctMkdir not in flight; initializing
19 silly cache afterAdd react-pixnode-shuffle-images@1.1.0
20 verbose afterAdd /Users/rungsikorn/.npm/react-pixnode-shuffle-images/1.1.0/package/package.json not in flight; writing
21 verbose correctMkdir /Users/rungsikorn/.npm correctMkdir not in flight; initializing
22 verbose afterAdd /Users/rungsikorn/.npm/react-pixnode-shuffle-images/1.1.0/package/package.json written
23 silly publish { name: 'react-pixnode-shuffle-images',
23 silly publish   version: '1.1.0',
23 silly publish   main: 'dist/index.js',
23 silly publish   repository:
23 silly publish    { type: 'git',
23 silly publish      url: 'git+ssh://git@github.com/lodash-thailand/react-pixnode-shuffle-images.git' },
23 silly publish   author:
23 silly publish    { name: 'Rungsikorn Rungsikavanich',
23 silly publish      email: 'rungsikorn@me.com' },
23 silly publish   license: 'MIT',
23 silly publish   dependencies:
23 silly publish    { 'babel-preset-es2015': '^6.24.1',
23 silly publish      react: '^15.5.4',
23 silly publish      'react-dom': '^15.5.4',
23 silly publish      'react-motion': '^0.5.0',
23 silly publish      'styled-components': '^1.4.6' },
23 silly publish   scripts:
23 silly publish    { build: 'babel -o ./dist/index.js index.js',
23 silly publish      storybook: 'start-storybook -p 9001 -c .storybook',
23 silly publish      example: 'build-storybook -c .storybook -o .out',
23 silly publish      release: 'standard-version' },
23 silly publish   standard: { plugins: [ 'jest' ], parser: 'babel-eslint' },
23 silly publish   devDependencies:
23 silly publish    { '@kadira/storybook': '^2.35.3',
23 silly publish      'babel-cli': '^6.24.1',
23 silly publish      'babel-eslint': '^7.2.3',
23 silly publish      'babel-plugin-transform-flow-strip-types': '^6.22.0',
23 silly publish      'cz-conventional-changelog': '^2.0.0',
23 silly publish      'eslint-plugin-jest': '^20.0.3',
23 silly publish      next: '^2.4.0',
23 silly publish      standard: '^10.0.2',
23 silly publish      'standard-version': '^4.0.0' },
23 silly publish   config: { commitizen: { path: './node_modules/cz-conventional-changelog' } },
23 silly publish   readme: '# React Pixnode shuffle image\n\n- (Soon) I am to lazy to write the doc\n\n## Usage \n```js\n   <div style={{width: 350, height: 350}}>\n      <ShuffleImages\n        maxTimeout={2000}\n        minTimeout={1000}\n        images={[\n          \'http://placehold.it/350x150\',\n          \'http://placehold.it/450x250?v=2\',\n          \'http://placehold.it/550x6s50?v=3\'\n        ]}\n    />\n  </div>\n```',
23 silly publish   readmeFilename: 'README.md',
23 silly publish   gitHead: 'e02333b7affa26b63577c618d2d4fc1efed09c24',
23 silly publish   description: '- (Soon) I am to lazy to write the doc',
23 silly publish   bugs: { url: 'https://github.com/lodash-thailand/react-pixnode-shuffle-images/issues' },
23 silly publish   homepage: 'https://github.com/lodash-thailand/react-pixnode-shuffle-images#readme',
23 silly publish   _id: 'react-pixnode-shuffle-images@1.1.0',
23 silly publish   _shasum: 'c21c967f5c3d568918abb854209b1b1400ecabd0',
23 silly publish   _from: '.' }
24 info lifecycle react-pixnode-shuffle-images@1.1.0~prepublishOnly: react-pixnode-shuffle-images@1.1.0
25 silly lifecycle react-pixnode-shuffle-images@1.1.0~prepublishOnly: no script for prepublishOnly, continuing
26 verbose getPublishConfig undefined
27 silly mapToRegistry name react-pixnode-shuffle-images
28 silly mapToRegistry using default registry
29 silly mapToRegistry registry https://registry.npmjs.org/
30 silly mapToRegistry data Result {
30 silly mapToRegistry   raw: 'react-pixnode-shuffle-images',
30 silly mapToRegistry   scope: null,
30 silly mapToRegistry   escapedName: 'react-pixnode-shuffle-images',
30 silly mapToRegistry   name: 'react-pixnode-shuffle-images',
30 silly mapToRegistry   rawSpec: '',
30 silly mapToRegistry   spec: 'latest',
30 silly mapToRegistry   type: 'tag' }
31 silly mapToRegistry uri https://registry.npmjs.org/react-pixnode-shuffle-images
32 verbose publish registryBase https://registry.npmjs.org/
33 silly publish uploading /Users/rungsikorn/.npm/react-pixnode-shuffle-images/1.1.0/package.tgz
34 verbose request uri https://registry.npmjs.org/react-pixnode-shuffle-images
35 verbose request sending authorization for write operation
36 info attempt registry request try #1 at 7:50:27 PM
37 verbose request using bearer token for auth
38 verbose request id c1b39307252ee068
39 http request PUT https://registry.npmjs.org/react-pixnode-shuffle-images
40 http 403 https://registry.npmjs.org/react-pixnode-shuffle-images
41 verbose headers { 'content-type': 'application/json',
41 verbose headers   'cache-control': 'max-age=300',
41 verbose headers   'content-length': '95',
41 verbose headers   'accept-ranges': 'bytes',
41 verbose headers   date: 'Thu, 18 May 2017 12:50:29 GMT',
41 verbose headers   via: '1.1 varnish',
41 verbose headers   connection: 'keep-alive',
41 verbose headers   'x-served-by': 'cache-sin18024-SIN',
41 verbose headers   'x-cache': 'MISS',
41 verbose headers   'x-cache-hits': '0',
41 verbose headers   'x-timer': 'S1495111828.923603,VS0,VE1302',
41 verbose headers   vary: 'Accept-Encoding' }
42 verbose request invalidating /Users/rungsikorn/.npm/registry.npmjs.org/react-pixnode-shuffle-images on PUT
43 error publish Failed PUT 403
44 verbose stack Error: "You cannot publish over the previously published version 1.1.0." : react-pixnode-shuffle-images
44 verbose stack     at makeError (/usr/local/lib/node_modules/npm/node_modules/npm-registry-client/lib/request.js:304:12)
44 verbose stack     at CachingRegistryClient.<anonymous> (/usr/local/lib/node_modules/npm/node_modules/npm-registry-client/lib/request.js:292:14)
44 verbose stack     at Request._callback (/usr/local/lib/node_modules/npm/node_modules/npm-registry-client/lib/request.js:212:14)
44 verbose stack     at Request.self.callback (/usr/local/lib/node_modules/npm/node_modules/request/request.js:186:22)
44 verbose stack     at emitTwo (events.js:106:13)
44 verbose stack     at Request.emit (events.js:194:7)
44 verbose stack     at Request.<anonymous> (/usr/local/lib/node_modules/npm/node_modules/request/request.js:1081:10)
44 verbose stack     at emitOne (events.js:96:13)
44 verbose stack     at Request.emit (events.js:191:7)
44 verbose stack     at IncomingMessage.<anonymous> (/usr/local/lib/node_modules/npm/node_modules/request/request.js:1001:12)
45 verbose statusCode 403
46 verbose pkgid react-pixnode-shuffle-images
47 verbose cwd /Users/rungsikorn/Repositories/react-pixnode-shuffle-images
48 error Darwin 16.5.0
49 error argv "/usr/local/bin/node" "/usr/local/bin/npm" "publish"
50 error node v7.7.4
51 error npm  v4.1.2
52 error code E403
53 error "You cannot publish over the previously published version 1.1.0." : react-pixnode-shuffle-images
54 error If you need help, you may report this error at:
54 error     <https://github.com/npm/npm/issues>
55 verbose exit [ 1, true ]
